<?xml version="1.0" encoding="UTF-8"?>
<coverage generated="1562621473294" clover="3.2.0">
  <project timestamp="1562621473295" name="All files">
    <metrics statements="60" coveredstatements="54" conditionals="6" coveredconditionals="6" methods="19" coveredmethods="16" elements="85" coveredelements="76" complexity="0" loc="60" ncloc="60" packages="1" files="6" classes="6"/>
    <file name="absolute.js" path="C:\Users\Rocio Soledad\Desktop\LIM009-fe-md-links\LIM009-fe-md-links\src\process\absolute.js">
      <metrics statements="3" coveredstatements="3" conditionals="0" coveredconditionals="0" methods="1" coveredmethods="1"/>
      <line num="2" count="1" type="stmt"/>
      <line num="3" count="1" type="stmt"/>
      <line num="4" count="2" type="stmt"/>
    </file>
    <file name="arrayOfMarkdowns.js" path="C:\Users\Rocio Soledad\Desktop\LIM009-fe-md-links\LIM009-fe-md-links\src\process\arrayOfMarkdowns.js">
      <metrics statements="15" coveredstatements="13" conditionals="2" coveredconditionals="2" methods="2" coveredmethods="1"/>
      <line num="1" count="1" type="stmt"/>
      <line num="2" count="1" type="stmt"/>
      <line num="3" count="1" type="stmt"/>
      <line num="4" count="1" type="stmt"/>
      <line num="5" count="1" type="stmt"/>
      <line num="9" count="1" type="stmt"/>
      <line num="10" count="2" type="stmt"/>
      <line num="11" count="2" type="stmt"/>
      <line num="12" count="2" type="cond" truecount="2" falsecount="0"/>
      <line num="13" count="1" type="stmt"/>
      <line num="14" count="0" type="stmt"/>
      <line num="15" count="0" type="stmt"/>
      <line num="17" count="1" type="stmt"/>
      <line num="18" count="1" type="stmt"/>
      <line num="19" count="1" type="stmt"/>
    </file>
    <file name="convertToAbsolute.js" path="C:\Users\Rocio Soledad\Desktop\LIM009-fe-md-links\LIM009-fe-md-links\src\process\convertToAbsolute.js">
      <metrics statements="3" coveredstatements="3" conditionals="0" coveredconditionals="0" methods="1" coveredmethods="1"/>
      <line num="2" count="2" type="stmt"/>
      <line num="3" count="2" type="stmt"/>
      <line num="4" count="5" type="stmt"/>
    </file>
    <file name="extractLinksOfMarkdowns.js" path="C:\Users\Rocio Soledad\Desktop\LIM009-fe-md-links\LIM009-fe-md-links\src\process\extractLinksOfMarkdowns.js">
      <metrics statements="8" coveredstatements="7" conditionals="0" coveredconditionals="0" methods="2" coveredmethods="1"/>
      <line num="5" count="2" type="stmt"/>
      <line num="7" count="2" type="stmt"/>
      <line num="8" count="1" type="stmt"/>
      <line num="9" count="1" type="stmt"/>
      <line num="10" count="1" type="stmt"/>
      <line num="11" count="0" type="stmt"/>
      <line num="13" count="1" type="stmt"/>
      <line num="14" count="1" type="stmt"/>
    </file>
    <file name="stats.js" path="C:\Users\Rocio Soledad\Desktop\LIM009-fe-md-links\LIM009-fe-md-links\src\process\stats.js">
      <metrics statements="15" coveredstatements="15" conditionals="0" coveredconditionals="0" methods="8" coveredmethods="8"/>
      <line num="2" count="1" type="stmt"/>
      <line num="3" count="1" type="stmt"/>
      <line num="16" count="1" type="stmt"/>
      <line num="17" count="1" type="stmt"/>
      <line num="18" count="1" type="stmt"/>
      <line num="19" count="1" type="stmt"/>
      <line num="20" count="1" type="stmt"/>
      <line num="21" count="3" type="stmt"/>
      <line num="22" count="1" type="stmt"/>
      <line num="26" count="1" type="stmt"/>
      <line num="27" count="1" type="stmt"/>
      <line num="28" count="1" type="stmt"/>
      <line num="29" count="1" type="stmt"/>
      <line num="30" count="3" type="stmt"/>
      <line num="32" count="1" type="stmt"/>
    </file>
    <file name="validate.js" path="C:\Users\Rocio Soledad\Desktop\LIM009-fe-md-links\LIM009-fe-md-links\src\process\validate.js">
      <metrics statements="16" coveredstatements="13" conditionals="4" coveredconditionals="4" methods="5" coveredmethods="4"/>
      <line num="2" count="2" type="stmt"/>
      <line num="4" count="2" type="stmt"/>
      <line num="5" count="4" type="stmt"/>
      <line num="6" count="8" type="stmt"/>
      <line num="7" count="8" type="stmt"/>
      <line num="9" count="8" type="cond" truecount="4" falsecount="0"/>
      <line num="10" count="7" type="stmt"/>
      <line num="11" count="7" type="stmt"/>
      <line num="12" count="7" type="stmt"/>
      <line num="14" count="1" type="stmt"/>
      <line num="15" count="1" type="stmt"/>
      <line num="16" count="1" type="stmt"/>
      <line num="19" count="0" type="stmt"/>
      <line num="20" count="0" type="stmt"/>
      <line num="21" count="0" type="stmt"/>
      <line num="24" count="4" type="stmt"/>
    </file>
  </project>
</coverage>
