{"C:\\Users\\Rocio Soledad\\Desktop\\LIM009-fe-md-links\\LIM009-fe-md-links\\src\\process\\absolute.js": {"path":"C:\\Users\\Rocio Soledad\\Desktop\\LIM009-fe-md-links\\LIM009-fe-md-links\\src\\process\\absolute.js","statementMap":{"0":{"start":{"line":3,"column":13},"end":{"line":3,"column":28}},"1":{"start":{"line":4,"column":0},"end":{"line":8,"column":1}},"2":{"start":{"line":5,"column":1},"end":{"line":5,"column":30}}},"fnMap":{"0":{"name":"(anonymous_0)","decl":{"start":{"line":4,"column":28},"end":{"line":4,"column":29}},"loc":{"start":{"line":4,"column":36},"end":{"line":8,"column":1}},"line":4}},"branchMap":{},"s":{"0":1,"1":1,"2":2},"f":{"0":2},"b":{},"_coverageSchema":"43e27e138ebf9cfc5966b082cf9a028302ed4184","hash":"cc5065a1fdfd31dc6b7e0c6a930461e3c37b8a00"}
,"C:\\Users\\Rocio Soledad\\Desktop\\LIM009-fe-md-links\\LIM009-fe-md-links\\src\\process\\arrayOfMarkdowns.js": {"path":"C:\\Users\\Rocio Soledad\\Desktop\\LIM009-fe-md-links\\LIM009-fe-md-links\\src\\process\\arrayOfMarkdowns.js","statementMap":{"0":{"start":{"line":1,"column":11},"end":{"line":1,"column":24}},"1":{"start":{"line":2,"column":14},"end":{"line":2,"column":30}},"2":{"start":{"line":3,"column":13},"end":{"line":3,"column":28}},"3":{"start":{"line":8,"column":9},"end":{"line":8,"column":48}},"4":{"start":{"line":9,"column":9},"end":{"line":9,"column":54}},"5":{"start":{"line":11,"column":0},"end":{"line":23,"column":7}},"6":{"start":{"line":12,"column":16},"end":{"line":12,"column":49}},"7":{"start":{"line":13,"column":20},"end":{"line":13,"column":44}},"8":{"start":{"line":14,"column":8},"end":{"line":22,"column":9}},"9":{"start":{"line":15,"column":30},"end":{"line":15,"column":80}},"10":{"start":{"line":16,"column":24},"end":{"line":16,"column":117}},"11":{"start":{"line":16,"column":70},"end":{"line":16,"column":113}},"12":{"start":{"line":17,"column":10},"end":{"line":17,"column":23}},"13":{"start":{"line":19,"column":22},"end":{"line":19,"column":24}},"14":{"start":{"line":20,"column":10},"end":{"line":20,"column":235}},"15":{"start":{"line":21,"column":9},"end":{"line":21,"column":20}}},"fnMap":{"0":{"name":"(anonymous_0)","decl":{"start":{"line":11,"column":32},"end":{"line":11,"column":33}},"loc":{"start":{"line":11,"column":41},"end":{"line":23,"column":7}},"line":11},"1":{"name":"(anonymous_1)","decl":{"start":{"line":16,"column":44},"end":{"line":16,"column":45}},"loc":{"start":{"line":16,"column":70},"end":{"line":16,"column":113}},"line":16}},"branchMap":{"0":{"loc":{"start":{"line":14,"column":8},"end":{"line":22,"column":9}},"type":"if","locations":[{"start":{"line":14,"column":8},"end":{"line":22,"column":9}},{"start":{"line":14,"column":8},"end":{"line":22,"column":9}}],"line":14}},"s":{"0":2,"1":2,"2":2,"3":2,"4":2,"5":2,"6":3,"7":2,"8":2,"9":1,"10":0,"11":0,"12":0,"13":1,"14":1,"15":1},"f":{"0":3,"1":0},"b":{"0":[1,1]},"_coverageSchema":"43e27e138ebf9cfc5966b082cf9a028302ed4184","hash":"88d47bb9cdf8cde0fd8d598ce7345d38cb17996a"}
,"C:\\Users\\Rocio Soledad\\Desktop\\LIM009-fe-md-links\\LIM009-fe-md-links\\src\\process\\convertToAbsolute.js": {"path":"C:\\Users\\Rocio Soledad\\Desktop\\LIM009-fe-md-links\\LIM009-fe-md-links\\src\\process\\convertToAbsolute.js","statementMap":{"0":{"start":{"line":2,"column":13},"end":{"line":2,"column":28}},"1":{"start":{"line":3,"column":0},"end":{"line":5,"column":2}},"2":{"start":{"line":4,"column":4},"end":{"line":4,"column":30}}},"fnMap":{"0":{"name":"(anonymous_0)","decl":{"start":{"line":3,"column":42},"end":{"line":3,"column":43}},"loc":{"start":{"line":3,"column":52},"end":{"line":5,"column":1}},"line":3}},"branchMap":{},"s":{"0":3,"1":3,"2":6},"f":{"0":6},"b":{},"_coverageSchema":"43e27e138ebf9cfc5966b082cf9a028302ed4184","hash":"7fdaef67e4360db38b9cc91d1d5104df95949461"}
,"C:\\Users\\Rocio Soledad\\Desktop\\LIM009-fe-md-links\\LIM009-fe-md-links\\src\\process\\extractLinksOfMarkdowns.js": {"path":"C:\\Users\\Rocio Soledad\\Desktop\\LIM009-fe-md-links\\LIM009-fe-md-links\\src\\process\\extractLinksOfMarkdowns.js","statementMap":{"0":{"start":{"line":5,"column":15},"end":{"line":5,"column":32}},"1":{"start":{"line":7,"column":0},"end":{"line":15,"column":4}},"2":{"start":{"line":8,"column":16},"end":{"line":8,"column":18}},"3":{"start":{"line":9,"column":19},"end":{"line":9,"column":40}},"4":{"start":{"line":10,"column":4},"end":{"line":11,"column":54}},"5":{"start":{"line":11,"column":8},"end":{"line":11,"column":51}},"6":{"start":{"line":13,"column":4},"end":{"line":13,"column":43}},"7":{"start":{"line":14,"column":4},"end":{"line":14,"column":17}}},"fnMap":{"0":{"name":"(anonymous_0)","decl":{"start":{"line":7,"column":25},"end":{"line":7,"column":26}},"loc":{"start":{"line":7,"column":38},"end":{"line":15,"column":3}},"line":7},"1":{"name":"(anonymous_1)","decl":{"start":{"line":10,"column":21},"end":{"line":10,"column":22}},"loc":{"start":{"line":10,"column":43},"end":{"line":11,"column":53}},"line":10}},"branchMap":{},"s":{"0":3,"1":3,"2":1,"3":1,"4":1,"5":0,"6":1,"7":1},"f":{"0":1,"1":0},"b":{},"_coverageSchema":"43e27e138ebf9cfc5966b082cf9a028302ed4184","hash":"b0ea6f161139457945cf2674249bcd96e50bdd2e"}
,"C:\\Users\\Rocio Soledad\\Desktop\\LIM009-fe-md-links\\LIM009-fe-md-links\\src\\process\\validate.js": {"path":"C:\\Users\\Rocio Soledad\\Desktop\\LIM009-fe-md-links\\LIM009-fe-md-links\\src\\process\\validate.js","statementMap":{"0":{"start":{"line":3,"column":14},"end":{"line":3,"column":30}},"1":{"start":{"line":4,"column":14},"end":{"line":4,"column":35}},"2":{"start":{"line":5,"column":9},"end":{"line":5,"column":47}},"3":{"start":{"line":7,"column":0},"end":{"line":23,"column":5}},"4":{"start":{"line":8,"column":19},"end":{"line":8,"column":43}},"5":{"start":{"line":9,"column":4},"end":{"line":21,"column":7}},"6":{"start":{"line":10,"column":6},"end":{"line":20,"column":9}},"7":{"start":{"line":11,"column":8},"end":{"line":17,"column":9}},"8":{"start":{"line":12,"column":10},"end":{"line":12,"column":115}},"9":{"start":{"line":13,"column":14},"end":{"line":17,"column":9}},"10":{"start":{"line":14,"column":10},"end":{"line":14,"column":112}},"11":{"start":{"line":19,"column":8},"end":{"line":19,"column":92}}},"fnMap":{"0":{"name":"(anonymous_0)","decl":{"start":{"line":7,"column":31},"end":{"line":7,"column":32}},"loc":{"start":{"line":7,"column":40},"end":{"line":23,"column":5}},"line":7},"1":{"name":"(anonymous_1)","decl":{"start":{"line":9,"column":21},"end":{"line":9,"column":22}},"loc":{"start":{"line":9,"column":32},"end":{"line":21,"column":5}},"line":9},"2":{"name":"(anonymous_2)","decl":{"start":{"line":10,"column":31},"end":{"line":10,"column":32}},"loc":{"start":{"line":10,"column":42},"end":{"line":18,"column":7}},"line":10},"3":{"name":"(anonymous_3)","decl":{"start":{"line":18,"column":15},"end":{"line":18,"column":16}},"loc":{"start":{"line":18,"column":21},"end":{"line":20,"column":7}},"line":18}},"branchMap":{"0":{"loc":{"start":{"line":11,"column":8},"end":{"line":17,"column":9}},"type":"if","locations":[{"start":{"line":11,"column":8},"end":{"line":17,"column":9}},{"start":{"line":11,"column":8},"end":{"line":17,"column":9}}],"line":11},"1":{"loc":{"start":{"line":13,"column":14},"end":{"line":17,"column":9}},"type":"if","locations":[{"start":{"line":13,"column":14},"end":{"line":17,"column":9}},{"start":{"line":13,"column":14},"end":{"line":17,"column":9}}],"line":13}},"s":{"0":1,"1":1,"2":1,"3":1,"4":1,"5":0,"6":0,"7":0,"8":0,"9":0,"10":0,"11":0},"f":{"0":1,"1":0,"2":0,"3":0},"b":{"0":[0,0],"1":[0,0]},"_coverageSchema":"43e27e138ebf9cfc5966b082cf9a028302ed4184","hash":"1c48f5ab6ef615306f8098361da00212e21c2dd9"}
}
