{"C:\\Users\\Rocio Soledad\\Desktop\\LIM009-fe-md-links\\LIM009-fe-md-links\\src\\process\\absolute.js": {"path":"C:\\Users\\Rocio Soledad\\Desktop\\LIM009-fe-md-links\\LIM009-fe-md-links\\src\\process\\absolute.js","statementMap":{"0":{"start":{"line":2,"column":13},"end":{"line":2,"column":28}},"1":{"start":{"line":3,"column":0},"end":{"line":7,"column":1}},"2":{"start":{"line":4,"column":1},"end":{"line":4,"column":30}}},"fnMap":{"0":{"name":"(anonymous_0)","decl":{"start":{"line":3,"column":28},"end":{"line":3,"column":29}},"loc":{"start":{"line":3,"column":36},"end":{"line":7,"column":1}},"line":3}},"branchMap":{},"s":{"0":1,"1":1,"2":2},"f":{"0":2},"b":{},"_coverageSchema":"43e27e138ebf9cfc5966b082cf9a028302ed4184","hash":"fd970e2f124174feee24147ce5f181f6c4cb6fec"}
,"C:\\Users\\Rocio Soledad\\Desktop\\LIM009-fe-md-links\\LIM009-fe-md-links\\src\\process\\arrayOfMarkdowns.js": {"path":"C:\\Users\\Rocio Soledad\\Desktop\\LIM009-fe-md-links\\LIM009-fe-md-links\\src\\process\\arrayOfMarkdowns.js","statementMap":{"0":{"start":{"line":1,"column":11},"end":{"line":1,"column":24}},"1":{"start":{"line":2,"column":14},"end":{"line":2,"column":30}},"2":{"start":{"line":3,"column":13},"end":{"line":3,"column":28}},"3":{"start":{"line":4,"column":9},"end":{"line":4,"column":48}},"4":{"start":{"line":5,"column":9},"end":{"line":5,"column":54}},"5":{"start":{"line":9,"column":0},"end":{"line":21,"column":7}},"6":{"start":{"line":10,"column":16},"end":{"line":10,"column":49}},"7":{"start":{"line":11,"column":20},"end":{"line":11,"column":44}},"8":{"start":{"line":12,"column":8},"end":{"line":20,"column":9}},"9":{"start":{"line":13,"column":30},"end":{"line":13,"column":80}},"10":{"start":{"line":14,"column":24},"end":{"line":14,"column":117}},"11":{"start":{"line":14,"column":70},"end":{"line":14,"column":113}},"12":{"start":{"line":15,"column":10},"end":{"line":15,"column":23}},"13":{"start":{"line":17,"column":22},"end":{"line":17,"column":24}},"14":{"start":{"line":18,"column":10},"end":{"line":18,"column":235}},"15":{"start":{"line":19,"column":9},"end":{"line":19,"column":20}}},"fnMap":{"0":{"name":"(anonymous_0)","decl":{"start":{"line":9,"column":32},"end":{"line":9,"column":33}},"loc":{"start":{"line":9,"column":41},"end":{"line":21,"column":7}},"line":9},"1":{"name":"(anonymous_1)","decl":{"start":{"line":14,"column":44},"end":{"line":14,"column":45}},"loc":{"start":{"line":14,"column":70},"end":{"line":14,"column":113}},"line":14}},"branchMap":{"0":{"loc":{"start":{"line":12,"column":8},"end":{"line":20,"column":9}},"type":"if","locations":[{"start":{"line":12,"column":8},"end":{"line":20,"column":9}},{"start":{"line":12,"column":8},"end":{"line":20,"column":9}}],"line":12}},"s":{"0":1,"1":1,"2":1,"3":1,"4":1,"5":1,"6":2,"7":2,"8":2,"9":1,"10":0,"11":0,"12":0,"13":1,"14":1,"15":1},"f":{"0":2,"1":0},"b":{"0":[1,1]},"_coverageSchema":"43e27e138ebf9cfc5966b082cf9a028302ed4184","hash":"439dd16b8831880aa865259cd243034c5029d86f"}
,"C:\\Users\\Rocio Soledad\\Desktop\\LIM009-fe-md-links\\LIM009-fe-md-links\\src\\process\\convertToAbsolute.js": {"path":"C:\\Users\\Rocio Soledad\\Desktop\\LIM009-fe-md-links\\LIM009-fe-md-links\\src\\process\\convertToAbsolute.js","statementMap":{"0":{"start":{"line":2,"column":13},"end":{"line":2,"column":28}},"1":{"start":{"line":3,"column":0},"end":{"line":5,"column":2}},"2":{"start":{"line":4,"column":4},"end":{"line":4,"column":30}}},"fnMap":{"0":{"name":"(anonymous_0)","decl":{"start":{"line":3,"column":42},"end":{"line":3,"column":43}},"loc":{"start":{"line":3,"column":52},"end":{"line":5,"column":1}},"line":3}},"branchMap":{},"s":{"0":2,"1":2,"2":5},"f":{"0":5},"b":{},"_coverageSchema":"43e27e138ebf9cfc5966b082cf9a028302ed4184","hash":"7fdaef67e4360db38b9cc91d1d5104df95949461"}
,"C:\\Users\\Rocio Soledad\\Desktop\\LIM009-fe-md-links\\LIM009-fe-md-links\\src\\process\\extractLinksOfMarkdowns.js": {"path":"C:\\Users\\Rocio Soledad\\Desktop\\LIM009-fe-md-links\\LIM009-fe-md-links\\src\\process\\extractLinksOfMarkdowns.js","statementMap":{"0":{"start":{"line":5,"column":15},"end":{"line":5,"column":32}},"1":{"start":{"line":7,"column":0},"end":{"line":15,"column":4}},"2":{"start":{"line":8,"column":16},"end":{"line":8,"column":18}},"3":{"start":{"line":9,"column":19},"end":{"line":9,"column":40}},"4":{"start":{"line":10,"column":4},"end":{"line":11,"column":54}},"5":{"start":{"line":11,"column":8},"end":{"line":11,"column":51}},"6":{"start":{"line":13,"column":4},"end":{"line":13,"column":43}},"7":{"start":{"line":14,"column":4},"end":{"line":14,"column":17}}},"fnMap":{"0":{"name":"(anonymous_0)","decl":{"start":{"line":7,"column":25},"end":{"line":7,"column":26}},"loc":{"start":{"line":7,"column":38},"end":{"line":15,"column":3}},"line":7},"1":{"name":"(anonymous_1)","decl":{"start":{"line":10,"column":21},"end":{"line":10,"column":22}},"loc":{"start":{"line":10,"column":43},"end":{"line":11,"column":53}},"line":10}},"branchMap":{},"s":{"0":2,"1":2,"2":1,"3":1,"4":1,"5":0,"6":1,"7":1},"f":{"0":1,"1":0},"b":{},"_coverageSchema":"43e27e138ebf9cfc5966b082cf9a028302ed4184","hash":"b0ea6f161139457945cf2674249bcd96e50bdd2e"}
,"C:\\Users\\Rocio Soledad\\Desktop\\LIM009-fe-md-links\\LIM009-fe-md-links\\src\\process\\stats.js": {"path":"C:\\Users\\Rocio Soledad\\Desktop\\LIM009-fe-md-links\\LIM009-fe-md-links\\src\\process\\stats.js","statementMap":{"0":{"start":{"line":2,"column":9},"end":{"line":2,"column":39}},"1":{"start":{"line":3,"column":14},"end":{"line":3,"column":30}},"2":{"start":{"line":16,"column":0},"end":{"line":25,"column":2}},"3":{"start":{"line":17,"column":19},"end":{"line":17,"column":44}},"4":{"start":{"line":18,"column":2},"end":{"line":24,"column":4}},"5":{"start":{"line":19,"column":4},"end":{"line":23,"column":6}},"6":{"start":{"line":20,"column":20},"end":{"line":20,"column":32}},"7":{"start":{"line":21,"column":26},"end":{"line":21,"column":77}},"8":{"start":{"line":21,"column":57},"end":{"line":21,"column":67}},"9":{"start":{"line":22,"column":6},"end":{"line":22,"column":86}},"10":{"start":{"line":26,"column":0},"end":{"line":35,"column":2}},"11":{"start":{"line":27,"column":19},"end":{"line":27,"column":44}},"12":{"start":{"line":28,"column":2},"end":{"line":34,"column":5}},"13":{"start":{"line":29,"column":4},"end":{"line":33,"column":7}},"14":{"start":{"line":30,"column":27},"end":{"line":30,"column":87}},"15":{"start":{"line":30,"column":48},"end":{"line":30,"column":86}},"16":{"start":{"line":32,"column":6},"end":{"line":32,"column":67}}},"fnMap":{"0":{"name":"(anonymous_0)","decl":{"start":{"line":16,"column":26},"end":{"line":16,"column":27}},"loc":{"start":{"line":16,"column":40},"end":{"line":25,"column":1}},"line":16},"1":{"name":"(anonymous_1)","decl":{"start":{"line":18,"column":21},"end":{"line":18,"column":22}},"loc":{"start":{"line":18,"column":30},"end":{"line":24,"column":2}},"line":18},"2":{"name":"(anonymous_2)","decl":{"start":{"line":19,"column":18},"end":{"line":19,"column":19}},"loc":{"start":{"line":19,"column":29},"end":{"line":23,"column":4}},"line":19},"3":{"name":"(anonymous_3)","decl":{"start":{"line":21,"column":48},"end":{"line":21,"column":49}},"loc":{"start":{"line":21,"column":57},"end":{"line":21,"column":67}},"line":21},"4":{"name":"(anonymous_4)","decl":{"start":{"line":26,"column":29},"end":{"line":26,"column":30}},"loc":{"start":{"line":26,"column":43},"end":{"line":35,"column":1}},"line":26},"5":{"name":"(anonymous_5)","decl":{"start":{"line":28,"column":21},"end":{"line":28,"column":22}},"loc":{"start":{"line":28,"column":30},"end":{"line":34,"column":3}},"line":28},"6":{"name":"(anonymous_6)","decl":{"start":{"line":29,"column":18},"end":{"line":29,"column":19}},"loc":{"start":{"line":29,"column":28},"end":{"line":33,"column":5}},"line":29},"7":{"name":"(anonymous_7)","decl":{"start":{"line":30,"column":39},"end":{"line":30,"column":40}},"loc":{"start":{"line":30,"column":48},"end":{"line":30,"column":86}},"line":30}},"branchMap":{},"s":{"0":1,"1":1,"2":1,"3":1,"4":1,"5":1,"6":1,"7":1,"8":3,"9":1,"10":1,"11":1,"12":1,"13":1,"14":1,"15":3,"16":1},"f":{"0":1,"1":1,"2":1,"3":3,"4":1,"5":1,"6":1,"7":3},"b":{},"_coverageSchema":"43e27e138ebf9cfc5966b082cf9a028302ed4184","hash":"01c6fd0edba91bf4db16ef26a40ea853a30181cf"}
,"C:\\Users\\Rocio Soledad\\Desktop\\LIM009-fe-md-links\\LIM009-fe-md-links\\src\\process\\validate.js": {"path":"C:\\Users\\Rocio Soledad\\Desktop\\LIM009-fe-md-links\\LIM009-fe-md-links\\src\\process\\validate.js","statementMap":{"0":{"start":{"line":2,"column":14},"end":{"line":2,"column":35}},"1":{"start":{"line":4,"column":0},"end":{"line":25,"column":2}},"2":{"start":{"line":5,"column":21},"end":{"line":23,"column":7}},"3":{"start":{"line":6,"column":4},"end":{"line":23,"column":6}},"4":{"start":{"line":7,"column":5},"end":{"line":22,"column":11}},"5":{"start":{"line":9,"column":10},"end":{"line":17,"column":11}},"6":{"start":{"line":10,"column":12},"end":{"line":10,"column":39}},"7":{"start":{"line":11,"column":12},"end":{"line":11,"column":33}},"8":{"start":{"line":12,"column":12},"end":{"line":12,"column":27}},"9":{"start":{"line":14,"column":12},"end":{"line":14,"column":39}},"10":{"start":{"line":15,"column":12},"end":{"line":15,"column":34}},"11":{"start":{"line":16,"column":12},"end":{"line":16,"column":27}},"12":{"start":{"line":19,"column":10},"end":{"line":19,"column":28}},"13":{"start":{"line":20,"column":10},"end":{"line":20,"column":47}},"14":{"start":{"line":21,"column":10},"end":{"line":21,"column":25}},"15":{"start":{"line":24,"column":2},"end":{"line":24,"column":33}}},"fnMap":{"0":{"name":"(anonymous_0)","decl":{"start":{"line":4,"column":31},"end":{"line":4,"column":32}},"loc":{"start":{"line":4,"column":45},"end":{"line":25,"column":1}},"line":4},"1":{"name":"(anonymous_1)","decl":{"start":{"line":5,"column":34},"end":{"line":5,"column":35}},"loc":{"start":{"line":6,"column":4},"end":{"line":23,"column":6}},"line":6},"2":{"name":"(anonymous_2)","decl":{"start":{"line":6,"column":16},"end":{"line":6,"column":17}},"loc":{"start":{"line":6,"column":37},"end":{"line":23,"column":5}},"line":6},"3":{"name":"(anonymous_3)","decl":{"start":{"line":8,"column":14},"end":{"line":8,"column":15}},"loc":{"start":{"line":8,"column":22},"end":{"line":18,"column":9}},"line":8},"4":{"name":"(anonymous_4)","decl":{"start":{"line":18,"column":17},"end":{"line":18,"column":18}},"loc":{"start":{"line":18,"column":26},"end":{"line":22,"column":9}},"line":18}},"branchMap":{"0":{"loc":{"start":{"line":9,"column":10},"end":{"line":17,"column":11}},"type":"if","locations":[{"start":{"line":9,"column":10},"end":{"line":17,"column":11}},{"start":{"line":9,"column":10},"end":{"line":17,"column":11}}],"line":9},"1":{"loc":{"start":{"line":9,"column":14},"end":{"line":9,"column":53}},"type":"binary-expr","locations":[{"start":{"line":9,"column":14},"end":{"line":9,"column":32}},{"start":{"line":9,"column":36},"end":{"line":9,"column":53}}],"line":9}},"s":{"0":2,"1":2,"2":4,"3":8,"4":8,"5":8,"6":7,"7":7,"8":7,"9":1,"10":1,"11":1,"12":0,"13":0,"14":0,"15":4},"f":{"0":4,"1":8,"2":8,"3":8,"4":0},"b":{"0":[7,1],"1":[8,8]},"_coverageSchema":"43e27e138ebf9cfc5966b082cf9a028302ed4184","hash":"43426698d58616dd9dbbd424355642f0135e1664"}
}
