TN:
SF:C:\Users\Rocio Soledad\Desktop\LIM009-fe-md-links\LIM009-fe-md-links\src\process\absolute.js
FN:4,(anonymous_0)
FNF:1
FNH:1
FNDA:2,(anonymous_0)
DA:3,1
DA:4,1
DA:5,2
LF:3
LH:3
BRF:0
BRH:0
end_of_record
TN:
SF:C:\Users\Rocio Soledad\Desktop\LIM009-fe-md-links\LIM009-fe-md-links\src\process\arrayOfMarkdowns.js
FN:11,(anonymous_0)
FN:16,(anonymous_1)
FNF:2
FNH:1
FNDA:3,(anonymous_0)
FNDA:0,(anonymous_1)
DA:1,2
DA:2,2
DA:3,2
DA:8,2
DA:9,2
DA:11,2
DA:12,3
DA:13,2
DA:14,2
DA:15,1
DA:16,0
DA:17,0
DA:19,1
DA:20,1
DA:21,1
LF:15
LH:13
BRDA:14,0,0,1
BRDA:14,0,1,1
BRF:2
BRH:2
end_of_record
TN:
SF:C:\Users\Rocio Soledad\Desktop\LIM009-fe-md-links\LIM009-fe-md-links\src\process\convertToAbsolute.js
FN:3,(anonymous_0)
FNF:1
FNH:1
FNDA:6,(anonymous_0)
DA:2,3
DA:3,3
DA:4,6
LF:3
LH:3
BRF:0
BRH:0
end_of_record
TN:
SF:C:\Users\Rocio Soledad\Desktop\LIM009-fe-md-links\LIM009-fe-md-links\src\process\extractLinksOfMarkdowns.js
FN:7,(anonymous_0)
FN:10,(anonymous_1)
FNF:2
FNH:1
FNDA:1,(anonymous_0)
FNDA:0,(anonymous_1)
DA:5,3
DA:7,3
DA:8,1
DA:9,1
DA:10,1
DA:11,0
DA:13,1
DA:14,1
LF:8
LH:7
BRF:0
BRH:0
end_of_record
TN:
SF:C:\Users\Rocio Soledad\Desktop\LIM009-fe-md-links\LIM009-fe-md-links\src\process\validate.js
FN:7,(anonymous_0)
FN:9,(anonymous_1)
FN:10,(anonymous_2)
FN:18,(anonymous_3)
FNF:4
FNH:1
FNDA:1,(anonymous_0)
FNDA:0,(anonymous_1)
FNDA:0,(anonymous_2)
FNDA:0,(anonymous_3)
DA:3,1
DA:4,1
DA:5,1
DA:7,1
DA:8,1
DA:9,0
DA:10,0
DA:11,0
DA:12,0
DA:13,0
DA:14,0
DA:19,0
LF:12
LH:5
BRDA:11,0,0,0
BRDA:11,0,1,0
BRDA:13,1,0,0
BRDA:13,1,1,0
BRF:4
BRH:0
end_of_record
