TN:
SF:C:\Users\Rocio Soledad\Desktop\LIM009-fe-md-links\LIM009-fe-md-links\src\process\absolute.js
FN:3,(anonymous_0)
FNF:1
FNH:1
FNDA:2,(anonymous_0)
DA:2,1
DA:3,1
DA:4,2
LF:3
LH:3
BRF:0
BRH:0
end_of_record
TN:
SF:C:\Users\Rocio Soledad\Desktop\LIM009-fe-md-links\LIM009-fe-md-links\src\process\arrayOfMarkdowns.js
FN:9,(anonymous_0)
FN:14,(anonymous_1)
FNF:2
FNH:1
FNDA:2,(anonymous_0)
FNDA:0,(anonymous_1)
DA:1,1
DA:2,1
DA:3,1
DA:4,1
DA:5,1
DA:9,1
DA:10,2
DA:11,2
DA:12,2
DA:13,1
DA:14,0
DA:15,0
DA:17,1
DA:18,1
DA:19,1
LF:15
LH:13
BRDA:12,0,0,1
BRDA:12,0,1,1
BRF:2
BRH:2
end_of_record
TN:
SF:C:\Users\Rocio Soledad\Desktop\LIM009-fe-md-links\LIM009-fe-md-links\src\process\convertToAbsolute.js
FN:3,(anonymous_0)
FNF:1
FNH:1
FNDA:5,(anonymous_0)
DA:2,2
DA:3,2
DA:4,5
LF:3
LH:3
BRF:0
BRH:0
end_of_record
TN:
SF:C:\Users\Rocio Soledad\Desktop\LIM009-fe-md-links\LIM009-fe-md-links\src\process\extractLinksOfMarkdowns.js
FN:7,(anonymous_0)
FN:10,(anonymous_1)
FNF:2
FNH:1
FNDA:1,(anonymous_0)
FNDA:0,(anonymous_1)
DA:5,2
DA:7,2
DA:8,1
DA:9,1
DA:10,1
DA:11,0
DA:13,1
DA:14,1
LF:8
LH:7
BRF:0
BRH:0
end_of_record
TN:
SF:C:\Users\Rocio Soledad\Desktop\LIM009-fe-md-links\LIM009-fe-md-links\src\process\stats.js
FN:16,(anonymous_0)
FN:18,(anonymous_1)
FN:19,(anonymous_2)
FN:21,(anonymous_3)
FN:26,(anonymous_4)
FN:28,(anonymous_5)
FN:29,(anonymous_6)
FN:30,(anonymous_7)
FNF:8
FNH:8
FNDA:1,(anonymous_0)
FNDA:1,(anonymous_1)
FNDA:1,(anonymous_2)
FNDA:3,(anonymous_3)
FNDA:1,(anonymous_4)
FNDA:1,(anonymous_5)
FNDA:1,(anonymous_6)
FNDA:3,(anonymous_7)
DA:2,1
DA:3,1
DA:16,1
DA:17,1
DA:18,1
DA:19,1
DA:20,1
DA:21,3
DA:22,1
DA:26,1
DA:27,1
DA:28,1
DA:29,1
DA:30,3
DA:32,1
LF:15
LH:15
BRF:0
BRH:0
end_of_record
TN:
SF:C:\Users\Rocio Soledad\Desktop\LIM009-fe-md-links\LIM009-fe-md-links\src\process\validate.js
FN:4,(anonymous_0)
FN:5,(anonymous_1)
FN:6,(anonymous_2)
FN:8,(anonymous_3)
FN:18,(anonymous_4)
FNF:5
FNH:4
FNDA:4,(anonymous_0)
FNDA:8,(anonymous_1)
FNDA:8,(anonymous_2)
FNDA:8,(anonymous_3)
FNDA:0,(anonymous_4)
DA:2,2
DA:4,2
DA:5,4
DA:6,8
DA:7,8
DA:9,8
DA:10,7
DA:11,7
DA:12,7
DA:14,1
DA:15,1
DA:16,1
DA:19,0
DA:20,0
DA:21,0
DA:24,4
LF:16
LH:13
BRDA:9,0,0,7
BRDA:9,0,1,1
BRDA:9,1,0,8
BRDA:9,1,1,8
BRF:4
BRH:4
end_of_record
